{"C:\\Users\\arthu\\Documents\\Loko\\loko_backend\\src\\server.js": {"path":"C:\\Users\\arthu\\Documents\\Loko\\loko_backend\\src\\server.js","statementMap":{"0":{"start":{"line":1,"column":16},"end":{"line":1,"column":34}},"1":{"start":{"line":2,"column":19},"end":{"line":2,"column":41}},"2":{"start":{"line":3,"column":13},"end":{"line":3,"column":28}},"3":{"start":{"line":4,"column":13},"end":{"line":4,"column":28}},"4":{"start":{"line":5,"column":17},"end":{"line":5,"column":37}},"5":{"start":{"line":8,"column":21},"end":{"line":8,"column":57}},"6":{"start":{"line":9,"column":30},"end":{"line":9,"column":58}},"7":{"start":{"line":12,"column":0},"end":{"line":12,"column":24}},"8":{"start":{"line":16,"column":19},"end":{"line":16,"column":44}},"9":{"start":{"line":17,"column":22},"end":{"line":17,"column":50}},"10":{"start":{"line":18,"column":20},"end":{"line":18,"column":46}},"11":{"start":{"line":19,"column":33},"end":{"line":19,"column":72}},"12":{"start":{"line":20,"column":24},"end":{"line":20,"column":52}},"13":{"start":{"line":21,"column":34},"end":{"line":21,"column":74}},"14":{"start":{"line":22,"column":27},"end":{"line":22,"column":60}},"15":{"start":{"line":23,"column":27},"end":{"line":23,"column":60}},"16":{"start":{"line":24,"column":20},"end":{"line":24,"column":46}},"17":{"start":{"line":25,"column":30},"end":{"line":25,"column":66}},"18":{"start":{"line":26,"column":23},"end":{"line":26,"column":52}},"19":{"start":{"line":27,"column":19},"end":{"line":27,"column":44}},"20":{"start":{"line":28,"column":22},"end":{"line":28,"column":50}},"21":{"start":{"line":29,"column":23},"end":{"line":29,"column":52}},"22":{"start":{"line":30,"column":21},"end":{"line":30,"column":48}},"23":{"start":{"line":31,"column":23},"end":{"line":31,"column":52}},"24":{"start":{"line":32,"column":24},"end":{"line":32,"column":54}},"25":{"start":{"line":36,"column":12},"end":{"line":36,"column":21}},"26":{"start":{"line":39,"column":15},"end":{"line":39,"column":37}},"27":{"start":{"line":42,"column":11},"end":{"line":52,"column":2}},"28":{"start":{"line":44,"column":24},"end":{"line":48,"column":9}},"29":{"start":{"line":49,"column":8},"end":{"line":49,"column":36}},"30":{"start":{"line":50,"column":8},"end":{"line":50,"column":18}},"31":{"start":{"line":54,"column":13},"end":{"line":54,"column":29}},"32":{"start":{"line":58,"column":0},"end":{"line":58,"column":20}},"33":{"start":{"line":59,"column":0},"end":{"line":65,"column":4}},"34":{"start":{"line":61,"column":4},"end":{"line":63,"column":5}},"35":{"start":{"line":62,"column":8},"end":{"line":62,"column":53}},"36":{"start":{"line":64,"column":4},"end":{"line":64,"column":25}},"37":{"start":{"line":66,"column":22},"end":{"line":66,"column":45}},"38":{"start":{"line":67,"column":0},"end":{"line":67,"column":33}},"39":{"start":{"line":73,"column":19},"end":{"line":73,"column":52}},"40":{"start":{"line":74,"column":18},"end":{"line":74,"column":59}},"41":{"start":{"line":75,"column":0},"end":{"line":75,"column":28}},"42":{"start":{"line":76,"column":0},"end":{"line":76,"column":26}},"43":{"start":{"line":79,"column":0},"end":{"line":79,"column":42}},"44":{"start":{"line":80,"column":0},"end":{"line":80,"column":64}},"45":{"start":{"line":81,"column":0},"end":{"line":81,"column":23}},"46":{"start":{"line":83,"column":0},"end":{"line":88,"column":7}},"47":{"start":{"line":84,"column":4},"end":{"line":84,"column":50}},"48":{"start":{"line":85,"column":4},"end":{"line":85,"column":51}},"49":{"start":{"line":86,"column":4},"end":{"line":86,"column":74}},"50":{"start":{"line":87,"column":4},"end":{"line":87,"column":11}},"51":{"start":{"line":92,"column":0},"end":{"line":92,"column":35}},"52":{"start":{"line":95,"column":0},"end":{"line":95,"column":19}},"53":{"start":{"line":96,"column":0},"end":{"line":96,"column":22}},"54":{"start":{"line":97,"column":0},"end":{"line":97,"column":20}},"55":{"start":{"line":98,"column":0},"end":{"line":98,"column":22}},"56":{"start":{"line":99,"column":0},"end":{"line":99,"column":33}},"57":{"start":{"line":100,"column":0},"end":{"line":100,"column":34}},"58":{"start":{"line":101,"column":0},"end":{"line":101,"column":27}},"59":{"start":{"line":102,"column":0},"end":{"line":102,"column":27}},"60":{"start":{"line":103,"column":0},"end":{"line":103,"column":20}},"61":{"start":{"line":104,"column":0},"end":{"line":104,"column":30}},"62":{"start":{"line":105,"column":0},"end":{"line":105,"column":23}},"63":{"start":{"line":106,"column":0},"end":{"line":106,"column":19}},"64":{"start":{"line":107,"column":0},"end":{"line":107,"column":22}},"65":{"start":{"line":108,"column":0},"end":{"line":108,"column":23}},"66":{"start":{"line":109,"column":0},"end":{"line":109,"column":21}},"67":{"start":{"line":110,"column":0},"end":{"line":110,"column":23}},"68":{"start":{"line":111,"column":0},"end":{"line":111,"column":24}},"69":{"start":{"line":113,"column":0},"end":{"line":113,"column":23}}},"fnMap":{"0":{"name":"(anonymous_0)","decl":{"start":{"line":43,"column":28},"end":{"line":43,"column":29}},"loc":{"start":{"line":43,"column":42},"end":{"line":51,"column":5}},"line":43},"1":{"name":"(anonymous_1)","decl":{"start":{"line":59,"column":11},"end":{"line":59,"column":12}},"loc":{"start":{"line":59,"column":33},"end":{"line":65,"column":3}},"line":59},"2":{"name":"(anonymous_2)","decl":{"start":{"line":83,"column":8},"end":{"line":83,"column":9}},"loc":{"start":{"line":83,"column":33},"end":{"line":88,"column":5}},"line":83}},"branchMap":{"0":{"loc":{"start":{"line":61,"column":4},"end":{"line":63,"column":5}},"type":"if","locations":[{"start":{"line":61,"column":4},"end":{"line":63,"column":5}},{"start":{"line":61,"column":4},"end":{"line":63,"column":5}}],"line":61}},"s":{"0":1,"1":1,"2":1,"3":1,"4":1,"5":1,"6":1,"7":1,"8":1,"9":1,"10":1,"11":1,"12":1,"13":1,"14":1,"15":1,"16":1,"17":1,"18":1,"19":1,"20":1,"21":1,"22":1,"23":1,"24":1,"25":1,"26":1,"27":1,"28":0,"29":0,"30":0,"31":1,"32":1,"33":1,"34":0,"35":0,"36":0,"37":1,"38":1,"39":1,"40":1,"41":1,"42":1,"43":1,"44":1,"45":1,"46":1,"47":6,"48":6,"49":6,"50":6,"51":1,"52":1,"53":1,"54":1,"55":1,"56":1,"57":1,"58":1,"59":1,"60":1,"61":1,"62":1,"63":1,"64":1,"65":1,"66":1,"67":1,"68":1,"69":1},"f":{"0":0,"1":0,"2":6},"b":{"0":[0,0]},"_coverageSchema":"1a1c01bbd47fc00a2c39e90264f33305004495a9","hash":"c4ee43c9f4053094d740ea5f1fa3f6fb5fdbf84a"}
,"C:\\Users\\arthu\\Documents\\Loko\\loko_backend\\src\\models\\profile.js": {"path":"C:\\Users\\arthu\\Documents\\Loko\\loko_backend\\src\\models\\profile.js","statementMap":{"0":{"start":{"line":1,"column":17},"end":{"line":1,"column":36}},"1":{"start":{"line":7,"column":22},"end":{"line":46,"column":2}},"2":{"start":{"line":48,"column":0},"end":{"line":52,"column":2}},"3":{"start":{"line":56,"column":16},"end":{"line":56,"column":55}},"4":{"start":{"line":58,"column":0},"end":{"line":58,"column":24}}},"fnMap":{},"branchMap":{},"s":{"0":1,"1":1,"2":1,"3":1,"4":1},"f":{},"b":{},"_coverageSchema":"1a1c01bbd47fc00a2c39e90264f33305004495a9","hash":"9f908d1a3fd910c9f14a2b65cc79cbce25a8dcd5"}
,"C:\\Users\\arthu\\Documents\\Loko\\loko_backend\\src\\models\\user.js": {"path":"C:\\Users\\arthu\\Documents\\Loko\\loko_backend\\src\\models\\user.js","statementMap":{"0":{"start":{"line":1,"column":17},"end":{"line":1,"column":36}},"1":{"start":{"line":2,"column":18},"end":{"line":2,"column":38}},"2":{"start":{"line":3,"column":15},"end":{"line":3,"column":34}},"3":{"start":{"line":4,"column":12},"end":{"line":4,"column":35}},"4":{"start":{"line":7,"column":14},"end":{"line":7,"column":32}},"5":{"start":{"line":8,"column":21},"end":{"line":8,"column":46}},"6":{"start":{"line":9,"column":16},"end":{"line":9,"column":36}},"7":{"start":{"line":10,"column":16},"end":{"line":10,"column":36}},"8":{"start":{"line":11,"column":27},"end":{"line":11,"column":58}},"9":{"start":{"line":12,"column":24},"end":{"line":12,"column":52}},"10":{"start":{"line":15,"column":19},"end":{"line":122,"column":2}},"11":{"start":{"line":32,"column":12},"end":{"line":34,"column":13}},"12":{"start":{"line":33,"column":16},"end":{"line":33,"column":81}},"13":{"start":{"line":44,"column":12},"end":{"line":46,"column":13}},"14":{"start":{"line":45,"column":16},"end":{"line":45,"column":49}},"15":{"start":{"line":58,"column":12},"end":{"line":60,"column":13}},"16":{"start":{"line":59,"column":16},"end":{"line":59,"column":63}},"17":{"start":{"line":126,"column":0},"end":{"line":130,"column":2}},"18":{"start":{"line":132,"column":0},"end":{"line":136,"column":2}},"19":{"start":{"line":137,"column":0},"end":{"line":141,"column":2}},"20":{"start":{"line":142,"column":0},"end":{"line":146,"column":2}},"21":{"start":{"line":148,"column":0},"end":{"line":152,"column":2}},"22":{"start":{"line":153,"column":0},"end":{"line":157,"column":2}},"23":{"start":{"line":159,"column":0},"end":{"line":163,"column":2}},"24":{"start":{"line":166,"column":0},"end":{"line":176,"column":1}},"25":{"start":{"line":167,"column":17},"end":{"line":167,"column":44}},"26":{"start":{"line":168,"column":4},"end":{"line":170,"column":5}},"27":{"start":{"line":169,"column":8},"end":{"line":169,"column":58}},"28":{"start":{"line":171,"column":20},"end":{"line":171,"column":64}},"29":{"start":{"line":172,"column":4},"end":{"line":174,"column":5}},"30":{"start":{"line":173,"column":8},"end":{"line":173,"column":58}},"31":{"start":{"line":175,"column":4},"end":{"line":175,"column":15}},"32":{"start":{"line":179,"column":0},"end":{"line":185,"column":1}},"33":{"start":{"line":180,"column":17},"end":{"line":180,"column":21}},"34":{"start":{"line":181,"column":18},"end":{"line":181,"column":78}},"35":{"start":{"line":182,"column":4},"end":{"line":182,"column":45}},"36":{"start":{"line":183,"column":4},"end":{"line":183,"column":21}},"37":{"start":{"line":184,"column":4},"end":{"line":184,"column":16}},"38":{"start":{"line":187,"column":0},"end":{"line":193,"column":1}},"39":{"start":{"line":188,"column":17},"end":{"line":188,"column":21}},"40":{"start":{"line":189,"column":18},"end":{"line":189,"column":78}},"41":{"start":{"line":190,"column":4},"end":{"line":190,"column":55}},"42":{"start":{"line":191,"column":4},"end":{"line":191,"column":21}},"43":{"start":{"line":192,"column":4},"end":{"line":192,"column":16}},"44":{"start":{"line":195,"column":0},"end":{"line":201,"column":1}},"45":{"start":{"line":196,"column":17},"end":{"line":196,"column":21}},"46":{"start":{"line":197,"column":18},"end":{"line":197,"column":78}},"47":{"start":{"line":198,"column":4},"end":{"line":198,"column":55}},"48":{"start":{"line":199,"column":4},"end":{"line":199,"column":21}},"49":{"start":{"line":200,"column":4},"end":{"line":200,"column":16}},"50":{"start":{"line":204,"column":0},"end":{"line":215,"column":1}},"51":{"start":{"line":205,"column":17},"end":{"line":205,"column":21}},"52":{"start":{"line":206,"column":23},"end":{"line":206,"column":38}},"53":{"start":{"line":207,"column":4},"end":{"line":207,"column":30}},"54":{"start":{"line":208,"column":4},"end":{"line":208,"column":28}},"55":{"start":{"line":209,"column":4},"end":{"line":209,"column":27}},"56":{"start":{"line":210,"column":4},"end":{"line":210,"column":33}},"57":{"start":{"line":211,"column":4},"end":{"line":211,"column":33}},"58":{"start":{"line":212,"column":4},"end":{"line":212,"column":36}},"59":{"start":{"line":214,"column":4},"end":{"line":214,"column":21}},"60":{"start":{"line":217,"column":0},"end":{"line":223,"column":2}},"61":{"start":{"line":218,"column":17},"end":{"line":218,"column":21}},"62":{"start":{"line":219,"column":4},"end":{"line":221,"column":5}},"63":{"start":{"line":220,"column":8},"end":{"line":220,"column":58}},"64":{"start":{"line":222,"column":4},"end":{"line":222,"column":10}},"65":{"start":{"line":225,"column":0},"end":{"line":242,"column":2}},"66":{"start":{"line":226,"column":17},"end":{"line":226,"column":21}},"67":{"start":{"line":227,"column":4},"end":{"line":227,"column":44}},"68":{"start":{"line":228,"column":4},"end":{"line":228,"column":60}},"69":{"start":{"line":229,"column":4},"end":{"line":229,"column":63}},"70":{"start":{"line":230,"column":4},"end":{"line":230,"column":45}},"71":{"start":{"line":231,"column":4},"end":{"line":231,"column":57}},"72":{"start":{"line":232,"column":4},"end":{"line":232,"column":53}},"73":{"start":{"line":233,"column":4},"end":{"line":233,"column":49}},"74":{"start":{"line":234,"column":4},"end":{"line":240,"column":5}},"75":{"start":{"line":235,"column":42},"end":{"line":235,"column":88}},"76":{"start":{"line":236,"column":8},"end":{"line":238,"column":10}},"77":{"start":{"line":237,"column":12},"end":{"line":237,"column":77}},"78":{"start":{"line":239,"column":8},"end":{"line":239,"column":46}},"79":{"start":{"line":241,"column":4},"end":{"line":241,"column":10}},"80":{"start":{"line":244,"column":13},"end":{"line":244,"column":46}},"81":{"start":{"line":246,"column":0},"end":{"line":246,"column":21}}},"fnMap":{"0":{"name":"(anonymous_0)","decl":{"start":{"line":31,"column":8},"end":{"line":31,"column":9}},"loc":{"start":{"line":31,"column":23},"end":{"line":35,"column":9}},"line":31},"1":{"name":"(anonymous_1)","decl":{"start":{"line":43,"column":8},"end":{"line":43,"column":9}},"loc":{"start":{"line":43,"column":23},"end":{"line":47,"column":9}},"line":43},"2":{"name":"(anonymous_2)","decl":{"start":{"line":57,"column":8},"end":{"line":57,"column":9}},"loc":{"start":{"line":57,"column":23},"end":{"line":61,"column":9}},"line":57},"3":{"name":"(anonymous_3)","decl":{"start":{"line":166,"column":39},"end":{"line":166,"column":40}},"loc":{"start":{"line":166,"column":63},"end":{"line":176,"column":1}},"line":166},"4":{"name":"(anonymous_4)","decl":{"start":{"line":179,"column":39},"end":{"line":179,"column":40}},"loc":{"start":{"line":179,"column":56},"end":{"line":185,"column":1}},"line":179},"5":{"name":"(anonymous_5)","decl":{"start":{"line":187,"column":47},"end":{"line":187,"column":48}},"loc":{"start":{"line":187,"column":63},"end":{"line":193,"column":1}},"line":187},"6":{"name":"(anonymous_6)","decl":{"start":{"line":195,"column":40},"end":{"line":195,"column":41}},"loc":{"start":{"line":195,"column":56},"end":{"line":201,"column":1}},"line":195},"7":{"name":"(anonymous_7)","decl":{"start":{"line":204,"column":28},"end":{"line":204,"column":29}},"loc":{"start":{"line":204,"column":39},"end":{"line":215,"column":1}},"line":204},"8":{"name":"(anonymous_8)","decl":{"start":{"line":217,"column":23},"end":{"line":217,"column":24}},"loc":{"start":{"line":217,"column":45},"end":{"line":223,"column":1}},"line":217},"9":{"name":"(anonymous_9)","decl":{"start":{"line":225,"column":24},"end":{"line":225,"column":25}},"loc":{"start":{"line":225,"column":44},"end":{"line":242,"column":1}},"line":225},"10":{"name":"(anonymous_10)","decl":{"start":{"line":236,"column":97},"end":{"line":236,"column":98}},"loc":{"start":{"line":236,"column":118},"end":{"line":238,"column":9}},"line":236}},"branchMap":{"0":{"loc":{"start":{"line":32,"column":12},"end":{"line":34,"column":13}},"type":"if","locations":[{"start":{"line":32,"column":12},"end":{"line":34,"column":13}},{"start":{"line":32,"column":12},"end":{"line":34,"column":13}}],"line":32},"1":{"loc":{"start":{"line":44,"column":12},"end":{"line":46,"column":13}},"type":"if","locations":[{"start":{"line":44,"column":12},"end":{"line":46,"column":13}},{"start":{"line":44,"column":12},"end":{"line":46,"column":13}}],"line":44},"2":{"loc":{"start":{"line":58,"column":12},"end":{"line":60,"column":13}},"type":"if","locations":[{"start":{"line":58,"column":12},"end":{"line":60,"column":13}},{"start":{"line":58,"column":12},"end":{"line":60,"column":13}}],"line":58},"3":{"loc":{"start":{"line":168,"column":4},"end":{"line":170,"column":5}},"type":"if","locations":[{"start":{"line":168,"column":4},"end":{"line":170,"column":5}},{"start":{"line":168,"column":4},"end":{"line":170,"column":5}}],"line":168},"4":{"loc":{"start":{"line":172,"column":4},"end":{"line":174,"column":5}},"type":"if","locations":[{"start":{"line":172,"column":4},"end":{"line":174,"column":5}},{"start":{"line":172,"column":4},"end":{"line":174,"column":5}}],"line":172},"5":{"loc":{"start":{"line":219,"column":4},"end":{"line":221,"column":5}},"type":"if","locations":[{"start":{"line":219,"column":4},"end":{"line":221,"column":5}},{"start":{"line":219,"column":4},"end":{"line":221,"column":5}}],"line":219}},"s":{"0":1,"1":1,"2":1,"3":1,"4":1,"5":1,"6":1,"7":1,"8":1,"9":1,"10":1,"11":10,"12":0,"13":10,"14":0,"15":0,"16":0,"17":1,"18":1,"19":1,"20":1,"21":1,"22":1,"23":1,"24":1,"25":2,"26":2,"27":0,"28":2,"29":2,"30":1,"31":1,"32":1,"33":2,"34":2,"35":2,"36":2,"37":2,"38":1,"39":1,"40":1,"41":1,"42":1,"43":1,"44":1,"45":0,"46":0,"47":0,"48":0,"49":0,"50":1,"51":4,"52":4,"53":4,"54":4,"55":4,"56":4,"57":4,"58":4,"59":4,"60":1,"61":10,"62":10,"63":7,"64":10,"65":1,"66":1,"67":1,"68":1,"69":1,"70":1,"71":1,"72":1,"73":1,"74":1,"75":0,"76":0,"77":0,"78":0,"79":1,"80":1,"81":1},"f":{"0":10,"1":10,"2":0,"3":2,"4":2,"5":1,"6":0,"7":4,"8":10,"9":1,"10":0},"b":{"0":[0,10],"1":[0,10],"2":[0,0],"3":[0,2],"4":[1,1],"5":[7,3]},"_coverageSchema":"1a1c01bbd47fc00a2c39e90264f33305004495a9","hash":"5b5e8a56a46f0b5973fc35f27161e102401fd0c8"}
}
