TN:
SF:src\server.js
FN:43,(anonymous_0)
FN:59,(anonymous_1)
FN:83,(anonymous_2)
FNF:3
FNH:1
FNDA:0,(anonymous_0)
FNDA:0,(anonymous_1)
FNDA:6,(anonymous_2)
DA:1,1
DA:2,1
DA:3,1
DA:4,1
DA:5,1
DA:8,1
DA:9,1
DA:12,1
DA:16,1
DA:17,1
DA:18,1
DA:19,1
DA:20,1
DA:21,1
DA:22,1
DA:23,1
DA:24,1
DA:25,1
DA:26,1
DA:27,1
DA:28,1
DA:29,1
DA:30,1
DA:31,1
DA:32,1
DA:36,1
DA:39,1
DA:42,1
DA:44,0
DA:49,0
DA:50,0
DA:54,1
DA:58,1
DA:59,1
DA:61,0
DA:62,0
DA:64,0
DA:66,1
DA:67,1
DA:73,1
DA:74,1
DA:75,1
DA:76,1
DA:79,1
DA:80,1
DA:81,1
DA:83,1
DA:84,6
DA:85,6
DA:86,6
DA:87,6
DA:92,1
DA:95,1
DA:96,1
DA:97,1
DA:98,1
DA:99,1
DA:100,1
DA:101,1
DA:102,1
DA:103,1
DA:104,1
DA:105,1
DA:106,1
DA:107,1
DA:108,1
DA:109,1
DA:110,1
DA:111,1
DA:113,1
LF:70
LH:64
BRDA:61,0,0,0
BRDA:61,0,1,0
BRF:2
BRH:0
end_of_record
TN:
SF:src\models\profile.js
FNF:0
FNH:0
DA:1,1
DA:7,1
DA:48,1
DA:56,1
DA:58,1
LF:5
LH:5
BRF:0
BRH:0
end_of_record
TN:
SF:src\models\user.js
FN:31,(anonymous_0)
FN:43,(anonymous_1)
FN:57,(anonymous_2)
FN:166,(anonymous_3)
FN:179,(anonymous_4)
FN:187,(anonymous_5)
FN:195,(anonymous_6)
FN:204,(anonymous_7)
FN:217,(anonymous_8)
FN:225,(anonymous_9)
FN:236,(anonymous_10)
FNF:11
FNH:8
FNDA:10,(anonymous_0)
FNDA:10,(anonymous_1)
FNDA:0,(anonymous_2)
FNDA:2,(anonymous_3)
FNDA:2,(anonymous_4)
FNDA:1,(anonymous_5)
FNDA:0,(anonymous_6)
FNDA:4,(anonymous_7)
FNDA:10,(anonymous_8)
FNDA:1,(anonymous_9)
FNDA:0,(anonymous_10)
DA:1,1
DA:2,1
DA:3,1
DA:4,1
DA:7,1
DA:8,1
DA:9,1
DA:10,1
DA:11,1
DA:12,1
DA:15,1
DA:32,10
DA:33,0
DA:44,10
DA:45,0
DA:58,0
DA:59,0
DA:126,1
DA:132,1
DA:137,1
DA:142,1
DA:148,1
DA:153,1
DA:159,1
DA:166,1
DA:167,2
DA:168,2
DA:169,0
DA:171,2
DA:172,2
DA:173,1
DA:175,1
DA:179,1
DA:180,2
DA:181,2
DA:182,2
DA:183,2
DA:184,2
DA:187,1
DA:188,1
DA:189,1
DA:190,1
DA:191,1
DA:192,1
DA:195,1
DA:196,0
DA:197,0
DA:198,0
DA:199,0
DA:200,0
DA:204,1
DA:205,4
DA:206,4
DA:207,4
DA:208,4
DA:209,4
DA:210,4
DA:211,4
DA:212,4
DA:214,4
DA:217,1
DA:218,10
DA:219,10
DA:220,7
DA:222,10
DA:225,1
DA:226,1
DA:227,1
DA:228,1
DA:229,1
DA:230,1
DA:231,1
DA:232,1
DA:233,1
DA:234,1
DA:235,0
DA:236,0
DA:237,0
DA:239,0
DA:241,1
DA:244,1
DA:246,1
LF:82
LH:68
BRDA:32,0,0,0
BRDA:32,0,1,10
BRDA:44,1,0,0
BRDA:44,1,1,10
BRDA:58,2,0,0
BRDA:58,2,1,0
BRDA:168,3,0,0
BRDA:168,3,1,2
BRDA:172,4,0,1
BRDA:172,4,1,1
BRDA:219,5,0,7
BRDA:219,5,1,3
BRF:12
BRH:7
end_of_record
